#
# A fatal error has been detected by the Java Runtime Environment:
#
#  SIGSEGV (0xb) at pc=0x000000010943cd10, pid=80665, tid=16899
#
# JRE version: Java(TM) SE Runtime Environment (8.0_45-b14) (build 1.8.0_45-b14)
# Java VM: Java HotSpot(TM) 64-Bit Server VM (25.45-b02 mixed mode bsd-amd64 compressed oops)
# Problematic frame:
# V  [libjvm.dylib+0x432d10]  Method::checked_resolve_jmethod_id(_jmethodID*)+0xe
#
# Failed to write core dump. Core dumps have been disabled. To enable core dumping, try "ulimit -c unlimited" before starting Java again
#
# If you would like to submit a bug report, please visit:
#   http://bugreport.java.com/bugreport/crash.jsp
#

---------------  T H R E A D  ---------------

Current thread (0x00007f891b06c000):  JavaThread "JDWP Transport Listener: dt_socket" daemon [_thread_in_vm, id=16899, stack(0x0000700000ab8000,0x0000700000bb8000)]

siginfo: si_signo: 11 (SIGSEGV), si_code: 0 (unknown), si_addr: 0x0000000000000000

Registers:
RAX=0x0000000000000001, RBX=0x0000700000bb7a8b, RCX=0x0000000109804190, RDX=0x0000700000bb7a8b
RSP=0x0000700000bb79d0, RBP=0x0000700000bb79e0, RSI=0x00007f891b06c000, RDI=0x6c706d4972650005
R8 =0x0000000000000000, R9 =0x00007f891ad10720, R10=0x00000000c0d21395, R11=0x00007f891ad00000
R12=0x00007f891b06c000, R13=0x6c706d4972650005, R14=0x6c706d4972650005, R15=0x00007f891ad01270
RIP=0x000000010943cd10, EFLAGS=0x0000000000010206, ERR=0x0000000000000000
  TRAPNO=0x000000000000000d

Top of Stack: (sp=0x0000700000bb79d0)
0x0000700000bb79d0:   0000700000bb7a8b 0000700000bb7a8b
0x0000700000bb79e0:   0000700000bb7a40 000000010934d0d6
0x0000700000bb79f0:   00007f891b06c000 0000000000000000
0x0000700000bb7a00:   0000000000000000 0000000000000000
0x0000700000bb7a10:   00007f891b06c000 00007f891b06c000
0x0000700000bb7a20:   0000700000bb7a8b 0000700000bb7a90
0x0000700000bb7a30:   6c706d4972650005 000000000000000a
0x0000700000bb7a40:   0000700000bb7a60 000000010a820780
0x0000700000bb7a50:   0000000000000001 0000700000bb7b08
0x0000700000bb7a60:   0000700000bb7ad0 000000010a8051f3
0x0000700000bb7a70:   0000700000bb7aa0 00007f891ad11460
0x0000700000bb7a80:   0000000b00000032 0000000a00bb7b08
0x0000700000bb7a90:   0000000000000000 0000000000000000
0x0000700000bb7aa0:   0000000000000000 0000700000bb7c90
0x0000700000bb7ab0:   000000010a827e7a 00007f891af2e040
0x0000700000bb7ac0:   0000700000bb7b08 000000010a833598
0x0000700000bb7ad0:   0000700000bb7ae0 000000010a8052ec
0x0000700000bb7ae0:   0000700000bb7d00 000000010a80e898
0x0000700000bb7af0:   0000553100000013 00000000000f0200
0x0000700000bb7b00:   00007f891af27ed0 00007f891ad11883
0x0000700000bb7b10:   00007f8900000155 00007f891ad10700
0x0000700000bb7b20:   000000000000012c 0000700000bb7b58
0x0000700000bb7b30:   00007f891ad10700 0000000000000000
0x0000700000bb7b40:   000055310000001c 00007fff00008380
0x0000700000bb7b50:   0000700000bb7b58 897f00000b000000
0x0000700000bb7b60:   0300000030e1f21a 281a000000646f6d
0x0000700000bb7b70:   3b746e496769424c 3b746e496769424c
0x0000700000bb7b80:   746e496769424c29 000000000000003b
0x0000700000bb7b90:   d8f21a897f000009 6f72700700000040
0x0000700000bb7ba0:   1a00000074637564 746e496769424c28
0x0000700000bb7bb0:   746e496769424c3b 6e496769424c293b
0x0000700000bb7bc0:   0000000000003b74 f21a897f00000900 

Instructions: (pc=0x000000010943cd10)
0x000000010943ccf0:   40 48 48 85 c0 75 e0 30 c0 0f b6 c0 5d c3 31 c0
0x000000010943cd00:   5d c3 55 48 89 e5 53 48 83 ec 08 48 85 ff 74 24
0x000000010943cd10:   48 8b 1f 48 85 db 74 1c 48 83 fb 37 74 16 48 8b
0x000000010943cd20:   03 48 89 df ff 50 10 84 c0 b8 00 00 00 00 48 0f 

Register to memory mapping:

RAX=0x0000000000000001 is an unknown value
RBX=0x0000700000bb7a8b is pointing into the stack for thread: 0x00007f891b06c000
RCX=0x0000000109804190: UseMembar+0 in /Library/Java/JavaVirtualMachines/jdk1.8.0_45.jdk/Contents/Home/jre/lib/server/libjvm.dylib at 0x000000010900a000
RDX=0x0000700000bb7a8b is pointing into the stack for thread: 0x00007f891b06c000
RSP=0x0000700000bb79d0 is pointing into the stack for thread: 0x00007f891b06c000
RBP=0x0000700000bb79e0 is pointing into the stack for thread: 0x00007f891b06c000
RSI=0x00007f891b06c000 is a thread
RDI=0x6c706d4972650005 is an unknown value
R8 =0x0000000000000000 is an unknown value
R9 =0x00007f891ad10720 is an unknown value
R10=0x00000000c0d21395 is an unknown value
R11=0x00007f891ad00000 is an unknown value
R12=0x00007f891b06c000 is a thread
R13=0x6c706d4972650005 is an unknown value
R14=0x6c706d4972650005 is an unknown value
R15=0x00007f891ad01270 is an unknown value


Stack: [0x0000700000ab8000,0x0000700000bb8000],  sp=0x0000700000bb79d0,  free space=1022k
Native frames: (J=compiled Java code, j=interpreted, Vv=VM code, C=native code)
V  [libjvm.dylib+0x432d10]  Method::checked_resolve_jmethod_id(_jmethodID*)+0xe
V  [libjvm.dylib+0x3430d6]  jvmti_IsMethodSynthetic+0xb2
C  [libjdwp.dylib+0x20780]  isMethodSynthetic+0x63
C  [libjdwp.dylib+0x51f3]  methods1+0x10b
C  [libjdwp.dylib+0x52ec]  methodsWithGeneric+0xe
C  [libjdwp.dylib+0xe898]  debugLoop_run+0x1ce
C  [libjdwp.dylib+0x1f6ba]  attachThread+0x4d
V  [libjvm.dylib+0x38401c]  JvmtiAgentThread::call_start_function()+0x38
V  [libjvm.dylib+0x549acf]  JavaThread::thread_main_inner()+0x9b
V  [libjvm.dylib+0x54b1c0]  JavaThread::run()+0x1c2
V  [libjvm.dylib+0x46ea7e]  java_start(Thread*)+0xf6
C  [libsystem_pthread.dylib+0x3c13]  _pthread_body+0x83
C  [libsystem_pthread.dylib+0x3b90]  _pthread_body+0x0
C  [libsystem_pthread.dylib+0x1375]  thread_start+0xd
C  0x0000000000000000


---------------  P R O C E S S  ---------------

Java Threads: ( => current thread )
  0x00007f891c035800 JavaThread "Service Thread" daemon [_thread_blocked, id=19971, stack(0x00007000010ca000,0x00007000011ca000)]
  0x00007f891c030800 JavaThread "C1 CompilerThread2" daemon [_thread_blocked, id=19459, stack(0x0000700000fc7000,0x00007000010c7000)]
  0x00007f891b06b800 JavaThread "C2 CompilerThread1" daemon [_thread_blocked, id=18947, stack(0x0000700000ec4000,0x0000700000fc4000)]
  0x00007f891b81e800 JavaThread "C2 CompilerThread0" daemon [_thread_blocked, id=18435, stack(0x0000700000dc1000,0x0000700000ec1000)]
  0x00007f891c02f800 JavaThread "JDWP Command Reader" daemon [_thread_in_native, id=17923, stack(0x0000700000cbe000,0x0000700000dbe000)]
  0x00007f891b06a000 JavaThread "JDWP Event Helper Thread" daemon [_thread_blocked, id=17411, stack(0x0000700000bbb000,0x0000700000cbb000)]
=>0x00007f891b06c000 JavaThread "JDWP Transport Listener: dt_socket" daemon [_thread_in_vm, id=16899, stack(0x0000700000ab8000,0x0000700000bb8000)]
  0x00007f891c00c800 JavaThread "Signal Dispatcher" daemon [_thread_blocked, id=12815, stack(0x00007000009b5000,0x0000700000ab5000)]
  0x00007f891b065800 JavaThread "Finalizer" daemon [_thread_blocked, id=12291, stack(0x000070000082f000,0x000070000092f000)]
  0x00007f891c008800 JavaThread "Reference Handler" daemon [_thread_blocked, id=11779, stack(0x000070000072c000,0x000070000082c000)]
  0x00007f891b801000 JavaThread "main" [_thread_blocked, id=4099, stack(0x0000700000084000,0x0000700000184000)]

Other Threads:
  0x00007f891b05f800 VMThread [stack: 0x0000700000629000,0x0000700000729000] [id=11267]
  0x00007f891b034800 WatcherThread [stack: 0x00007000011cd000,0x00007000012cd000] [id=20483]

VM state:not at safepoint (normal execution)

VM Mutex/Monitor currently owned by a thread: None

Heap:
 PSYoungGen      total 38400K, used 3328K [0x0000000795580000, 0x0000000798000000, 0x00000007c0000000)
  eden space 33280K, 10% used [0x0000000795580000,0x00000007958c00e8,0x0000000797600000)
  from space 5120K, 0% used [0x0000000797b00000,0x0000000797b00000,0x0000000798000000)
  to   space 5120K, 0% used [0x0000000797600000,0x0000000797600000,0x0000000797b00000)
 ParOldGen       total 87552K, used 0K [0x0000000740000000, 0x0000000745580000, 0x0000000795580000)
  object space 87552K, 0% used [0x0000000740000000,0x0000000740000000,0x0000000745580000)
 Metaspace       used 2810K, capacity 4564K, committed 4864K, reserved 1056768K
  class space    used 301K, capacity 388K, committed 512K, reserved 1048576K

Card table byte_map: [0x0000000119c0b000,0x000000011a00c000] byte_map_base: 0x000000011620b000

Marking Bits: (ParMarkBitMap*) 0x00000001098cc7a0
 Begin Bits: [0x000000011a2b7000, 0x000000011c2b7000)
 End Bits:   [0x000000011c2b7000, 0x000000011e2b7000)

Polling page: 0x0000000109fb6000

CodeCache: size=245760Kb used=1139Kb max_used=1139Kb free=244620Kb
 bounds [0x000000010a84b000, 0x000000010aabb000, 0x000000011984b000]
 total_blobs=267 nmethods=35 adapters=154
 compilation: enabled

Compilation events (10 events):
Event: 0.521 Thread 0x00007f891c030800   31       3       java.lang.String::getChars (62 bytes)
Event: 0.521 Thread 0x00007f891c030800 nmethod 31 0x000000010a9660d0 code [0x000000010a9662a0, 0x000000010a966738]
Event: 0.534 Thread 0x00007f891c030800   32       1       java.lang.ThreadLocal::access$400 (5 bytes)
Event: 0.534 Thread 0x00007f891c030800 nmethod 32 0x000000010a967190 code [0x000000010a9672e0, 0x000000010a9673d0]
Event: 0.536 Thread 0x00007f891c030800   33       3       java.util.HashMap::newNode (13 bytes)
Event: 0.536 Thread 0x00007f891c030800 nmethod 33 0x000000010a967450 code [0x000000010a9675c0, 0x000000010a967870]
Event: 0.536 Thread 0x00007f891c030800   34       3       java.util.HashMap::afterNodeInsertion (1 bytes)
Event: 0.536 Thread 0x00007f891c030800 nmethod 34 0x000000010a9679d0 code [0x000000010a967b20, 0x000000010a967c70]
Event: 0.553 Thread 0x00007f891c030800   35       3       java.lang.System::getSecurityManager (4 bytes)
Event: 0.553 Thread 0x00007f891c030800 nmethod 35 0x000000010a967cd0 code [0x000000010a967e20, 0x000000010a967f70]

GC Heap History (0 events):
No events

Deoptimization events (0 events):
No events

Internal exceptions (2 events):
Event: 0.264 Thread 0x00007f891b801000 Exception <a 'java/lang/NoSuchMethodError': Method sun.misc.Unsafe.defineClass(Ljava/lang/String;[BII)Ljava/lang/Class; name or signature does not match> (0x0000000795592a60) thrown at [/Users/java_re/workspace/8-2-build-macosx-x86_64/jdk8u45/3457/hotspot
Event: 0.264 Thread 0x00007f891b801000 Exception <a 'java/lang/NoSuchMethodError': Method sun.misc.Unsafe.prefetchRead(Ljava/lang/Object;J)V name or signature does not match> (0x0000000795592cf0) thrown at [/Users/java_re/workspace/8-2-build-macosx-x86_64/jdk8u45/3457/hotspot/src/share/vm/prim

Events (10 events):
Event: 160.502 Executing VM operation: GetCurrentLocation
Event: 160.502 Executing VM operation: GetCurrentLocation done
Event: 160.502 Executing VM operation: EnterInterpOnlyMode
Event: 160.502 Executing VM operation: EnterInterpOnlyMode done
Event: 160.502 Executing VM operation: ChangeSingleStep
Event: 160.502 Executing VM operation: ChangeSingleStep done
Event: 160.502 Executing VM operation: ChangeSingleStep
Event: 160.502 Executing VM operation: ChangeSingleStep done
Event: 160.505 Executing VM operation: RedefineClasses
Event: 160.506 Executing VM operation: RedefineClasses done


Dynamic libraries:
0x000000000422e000 	/System/Library/Frameworks/Cocoa.framework/Versions/A/Cocoa
0x000000000422e000 	/System/Library/Frameworks/Security.framework/Versions/A/Security
0x000000000422e000 	/System/Library/Frameworks/ApplicationServices.framework/Versions/A/ApplicationServices
0x000000000422e000 	/usr/lib/libz.1.dylib
0x000000000422e000 	/usr/lib/libSystem.B.dylib
0x000000000422e000 	/usr/lib/libobjc.A.dylib
0x000000000422e000 	/System/Library/Frameworks/CoreFoundation.framework/Versions/A/CoreFoundation
0x000000000422e000 	/System/Library/Frameworks/Foundation.framework/Versions/C/Foundation
0x000000000422e000 	/System/Library/Frameworks/AppKit.framework/Versions/C/AppKit
0x000000000422e000 	/System/Library/Frameworks/CoreData.framework/Versions/A/CoreData
0x000000000422e000 	/System/Library/PrivateFrameworks/RemoteViewServices.framework/Versions/A/RemoteViewServices
0x000000000422e000 	/System/Library/PrivateFrameworks/UIFoundation.framework/Versions/A/UIFoundation
0x000000000422e000 	/usr/lib/libScreenReader.dylib
0x000000000422e000 	/System/Library/Frameworks/Accelerate.framework/Versions/A/Accelerate
0x000000000422e000 	/System/Library/Frameworks/IOSurface.framework/Versions/A/IOSurface
0x000000000422e000 	/System/Library/Frameworks/AudioToolbox.framework/Versions/A/AudioToolbox
0x000000000422e000 	/System/Library/Frameworks/AudioUnit.framework/Versions/A/AudioUnit
0x000000000422e000 	/System/Library/PrivateFrameworks/DataDetectorsCore.framework/Versions/A/DataDetectorsCore
0x000000000422e000 	/System/Library/PrivateFrameworks/DesktopServicesPriv.framework/Versions/A/DesktopServicesPriv
0x000000000422e000 	/System/Library/Frameworks/Carbon.framework/Versions/A/Frameworks/HIToolbox.framework/Versions/A/HIToolbox
0x000000000422e000 	/System/Library/Frameworks/QuartzCore.framework/Versions/A/QuartzCore
0x000000000422e000 	/System/Library/Frameworks/Carbon.framework/Versions/A/Frameworks/SpeechRecognition.framework/Versions/A/SpeechRecognition
0x000000000422e000 	/usr/lib/libauto.dylib
0x000000000422e000 	/usr/lib/libicucore.A.dylib
0x000000000422e000 	/usr/lib/libxml2.2.dylib
0x000000000422e000 	/System/Library/PrivateFrameworks/CoreUI.framework/Versions/A/CoreUI
0x000000000422e000 	/System/Library/Frameworks/CoreAudio.framework/Versions/A/CoreAudio
0x000000000422e000 	/System/Library/Frameworks/DiskArbitration.framework/Versions/A/DiskArbitration
0x000000000422e000 	/usr/lib/liblangid.dylib
0x000000000422e000 	/System/Library/PrivateFrameworks/MultitouchSupport.framework/Versions/A/MultitouchSupport
0x000000000422e000 	/System/Library/Frameworks/IOKit.framework/Versions/A/IOKit
0x000000000422e000 	/usr/lib/libDiagnosticMessagesClient.dylib
0x000000000422e000 	/System/Library/Frameworks/CoreServices.framework/Versions/A/CoreServices
0x000000000422e000 	/System/Library/PrivateFrameworks/PerformanceAnalysis.framework/Versions/A/PerformanceAnalysis
0x000000000422e000 	/System/Library/PrivateFrameworks/GenerationalStorage.framework/Versions/A/GenerationalStorage
0x000000000422e000 	/System/Library/Frameworks/OpenGL.framework/Versions/A/OpenGL
0x000000000422e000 	/System/Library/PrivateFrameworks/Sharing.framework/Versions/A/Sharing
0x000000000422e000 	/System/Library/Frameworks/CoreGraphics.framework/Versions/A/CoreGraphics
0x000000000422e000 	/System/Library/Frameworks/CoreImage.framework/Versions/A/CoreImage
0x000000000422e000 	/System/Library/Frameworks/CoreText.framework/Versions/A/CoreText
0x000000000422e000 	/System/Library/Frameworks/ImageIO.framework/Versions/A/ImageIO
0x000000000422e000 	/System/Library/PrivateFrameworks/Backup.framework/Versions/A/Backup
0x000000000422e000 	/usr/lib/libextension.dylib
0x000000000422e000 	/usr/lib/libarchive.2.dylib
0x000000000422e000 	/System/Library/Frameworks/CFNetwork.framework/Versions/A/CFNetwork
0x000000000422e000 	/System/Library/Frameworks/SystemConfiguration.framework/Versions/A/SystemConfiguration
0x000000000422e000 	/usr/lib/libCRFSuite.dylib
0x000000000422e000 	/usr/lib/libc++.1.dylib
0x000000000422e000 	/usr/lib/libc++abi.dylib
0x000000000422e000 	/usr/lib/system/libcache.dylib
0x000000000422e000 	/usr/lib/system/libcommonCrypto.dylib
0x000000000422e000 	/usr/lib/system/libcompiler_rt.dylib
0x000000000422e000 	/usr/lib/system/libcopyfile.dylib
0x000000000422e000 	/usr/lib/system/libcorecrypto.dylib
0x000000000422e000 	/usr/lib/system/libdispatch.dylib
0x000000000422e000 	/usr/lib/system/libdyld.dylib
0x000000000422e000 	/usr/lib/system/libkeymgr.dylib
0x000000000422e000 	/usr/lib/system/liblaunch.dylib
0x000000000422e000 	/usr/lib/system/libmacho.dylib
0x000000000422e000 	/usr/lib/system/libquarantine.dylib
0x000000000422e000 	/usr/lib/system/libremovefile.dylib
0x000000000422e000 	/usr/lib/system/libsystem_asl.dylib
0x000000000422e000 	/usr/lib/system/libsystem_blocks.dylib
0x000000000422e000 	/usr/lib/system/libsystem_c.dylib
0x000000000422e000 	/usr/lib/system/libsystem_configuration.dylib
0x000000000422e000 	/usr/lib/system/libsystem_coreservices.dylib
0x000000000422e000 	/usr/lib/system/libsystem_coretls.dylib
0x000000000422e000 	/usr/lib/system/libsystem_dnssd.dylib
0x000000000422e000 	/usr/lib/system/libsystem_info.dylib
0x000000000422e000 	/usr/lib/system/libsystem_kernel.dylib
0x000000000422e000 	/usr/lib/system/libsystem_m.dylib
0x000000000422e000 	/usr/lib/system/libsystem_malloc.dylib
0x000000000422e000 	/usr/lib/system/libsystem_network.dylib
0x000000000422e000 	/usr/lib/system/libsystem_networkextension.dylib
0x000000000422e000 	/usr/lib/system/libsystem_notify.dylib
0x000000000422e000 	/usr/lib/system/libsystem_platform.dylib
0x000000000422e000 	/usr/lib/system/libsystem_pthread.dylib
0x000000000422e000 	/usr/lib/system/libsystem_sandbox.dylib
0x000000000422e000 	/usr/lib/system/libsystem_secinit.dylib
0x000000000422e000 	/usr/lib/system/libsystem_trace.dylib
0x000000000422e000 	/usr/lib/system/libunc.dylib
0x000000000422e000 	/usr/lib/system/libunwind.dylib
0x000000000422e000 	/usr/lib/system/libxpc.dylib
0x000000000422e000 	/usr/lib/libenergytrace.dylib
0x000000000422e000 	/usr/lib/libbsm.0.dylib
0x000000000422e000 	/usr/lib/system/libkxld.dylib
0x000000000422e000 	/usr/lib/libxar.1.dylib
0x000000000422e000 	/usr/lib/libsqlite3.dylib
0x000000000422e000 	/usr/lib/libpam.2.dylib
0x000000000422e000 	/usr/lib/libOpenScriptingUtil.dylib
0x000000000422e000 	/usr/lib/libbz2.1.0.dylib
0x000000000422e000 	/usr/lib/liblzma.5.dylib
0x000000000422e000 	/System/Library/Frameworks/CoreServices.framework/Versions/A/Frameworks/FSEvents.framework/Versions/A/FSEvents
0x000000000422e000 	/System/Library/Frameworks/CoreServices.framework/Versions/A/Frameworks/CarbonCore.framework/Versions/A/CarbonCore
0x000000000422e000 	/System/Library/Frameworks/CoreServices.framework/Versions/A/Frameworks/Metadata.framework/Versions/A/Metadata
0x000000000422e000 	/System/Library/Frameworks/CoreServices.framework/Versions/A/Frameworks/OSServices.framework/Versions/A/OSServices
0x000000000422e000 	/System/Library/Frameworks/CoreServices.framework/Versions/A/Frameworks/SearchKit.framework/Versions/A/SearchKit
0x000000000422e000 	/System/Library/Frameworks/CoreServices.framework/Versions/A/Frameworks/AE.framework/Versions/A/AE
0x000000000422e000 	/System/Library/Frameworks/CoreServices.framework/Versions/A/Frameworks/LaunchServices.framework/Versions/A/LaunchServices
0x000000000422e000 	/System/Library/Frameworks/CoreServices.framework/Versions/A/Frameworks/DictionaryServices.framework/Versions/A/DictionaryServices
0x000000000422e000 	/System/Library/Frameworks/CoreServices.framework/Versions/A/Frameworks/SharedFileList.framework/Versions/A/SharedFileList
0x000000000422e000 	/System/Library/Frameworks/NetFS.framework/Versions/A/NetFS
0x000000000422e000 	/System/Library/PrivateFrameworks/NetAuth.framework/Versions/A/NetAuth
0x000000000422e000 	/System/Library/PrivateFrameworks/login.framework/Versions/A/Frameworks/loginsupport.framework/Versions/A/loginsupport
0x000000000422e000 	/System/Library/PrivateFrameworks/TCC.framework/Versions/A/TCC
0x000000000422e000 	/usr/lib/libmecabra.dylib
0x000000000422e000 	/System/Library/Frameworks/ApplicationServices.framework/Versions/A/Frameworks/ATS.framework/Versions/A/ATS
0x000000000422e000 	/System/Library/Frameworks/ApplicationServices.framework/Versions/A/Frameworks/ColorSync.framework/Versions/A/ColorSync
0x000000000422e000 	/System/Library/Frameworks/ApplicationServices.framework/Versions/A/Frameworks/HIServices.framework/Versions/A/HIServices
0x000000000422e000 	/System/Library/Frameworks/ApplicationServices.framework/Versions/A/Frameworks/LangAnalysis.framework/Versions/A/LangAnalysis
0x000000000422e000 	/System/Library/Frameworks/ApplicationServices.framework/Versions/A/Frameworks/PrintCore.framework/Versions/A/PrintCore
0x000000000422e000 	/System/Library/Frameworks/ApplicationServices.framework/Versions/A/Frameworks/QD.framework/Versions/A/QD
0x000000000422e000 	/System/Library/Frameworks/ApplicationServices.framework/Versions/A/Frameworks/SpeechSynthesis.framework/Versions/A/SpeechSynthesis
0x000000000422e000 	/System/Library/Frameworks/Metal.framework/Versions/A/Metal
0x000000000422e000 	/System/Library/Frameworks/Accelerate.framework/Versions/A/Frameworks/vImage.framework/Versions/A/vImage
0x000000000422e000 	/System/Library/Frameworks/Accelerate.framework/Versions/A/Frameworks/vecLib.framework/Versions/A/vecLib
0x000000000422e000 	/System/Library/Frameworks/Accelerate.framework/Versions/A/Frameworks/vecLib.framework/Versions/A/libvDSP.dylib
0x000000000422e000 	/System/Library/Frameworks/Accelerate.framework/Versions/A/Frameworks/vecLib.framework/Versions/A/libvMisc.dylib
0x000000000422e000 	/System/Library/Frameworks/Accelerate.framework/Versions/A/Frameworks/vecLib.framework/Versions/A/libLAPACK.dylib
0x000000000422e000 	/System/Library/Frameworks/Accelerate.framework/Versions/A/Frameworks/vecLib.framework/Versions/A/libBLAS.dylib
0x000000000422e000 	/System/Library/Frameworks/Accelerate.framework/Versions/A/Frameworks/vecLib.framework/Versions/A/libLinearAlgebra.dylib
0x000000000422e000 	/System/Library/Frameworks/Accelerate.framework/Versions/A/Frameworks/vecLib.framework/Versions/A/libSparseBLAS.dylib
0x000000000422e000 	/System/Library/PrivateFrameworks/GPUCompiler.framework/libmetal_timestamp.dylib
0x000000000422e000 	/System/Library/Frameworks/OpenGL.framework/Versions/A/Libraries/libCoreFSCache.dylib
0x000000000422e000 	/System/Library/PrivateFrameworks/IOAccelerator.framework/Versions/A/IOAccelerator
0x000000000422e000 	/System/Library/Frameworks/ApplicationServices.framework/Versions/A/Frameworks/ATS.framework/Versions/A/Resources/libFontParser.dylib
0x000000000422e000 	/System/Library/Frameworks/ApplicationServices.framework/Versions/A/Frameworks/ATS.framework/Versions/A/Resources/libFontRegistry.dylib
0x000000000422e000 	/System/Library/PrivateFrameworks/AppleVPA.framework/Versions/A/AppleVPA
0x000000000422e000 	/System/Library/PrivateFrameworks/AppleJPEG.framework/Versions/A/AppleJPEG
0x000000000422e000 	/System/Library/Frameworks/ImageIO.framework/Versions/A/Resources/libJPEG.dylib
0x000000000422e000 	/System/Library/Frameworks/ImageIO.framework/Versions/A/Resources/libTIFF.dylib
0x000000000422e000 	/System/Library/Frameworks/ImageIO.framework/Versions/A/Resources/libPng.dylib
0x000000000422e000 	/System/Library/Frameworks/ImageIO.framework/Versions/A/Resources/libGIF.dylib
0x000000000422e000 	/System/Library/Frameworks/ImageIO.framework/Versions/A/Resources/libJP2.dylib
0x000000000422e000 	/System/Library/Frameworks/ImageIO.framework/Versions/A/Resources/libRadiance.dylib
0x000000000422e000 	/System/Library/Frameworks/CoreVideo.framework/Versions/A/CoreVideo
0x000000000422e000 	/System/Library/Frameworks/OpenGL.framework/Versions/A/Libraries/libGLU.dylib
0x000000000422e000 	/System/Library/Frameworks/OpenGL.framework/Versions/A/Libraries/libGFXShared.dylib
0x000000000422e000 	/System/Library/Frameworks/OpenGL.framework/Versions/A/Libraries/libGL.dylib
0x000000000422e000 	/System/Library/Frameworks/OpenGL.framework/Versions/A/Libraries/libGLImage.dylib
0x000000000422e000 	/System/Library/Frameworks/OpenGL.framework/Versions/A/Libraries/libCVMSPluginSupport.dylib
0x000000000422e000 	/System/Library/Frameworks/OpenGL.framework/Versions/A/Libraries/libCoreVMClient.dylib
0x000000000422e000 	/usr/lib/libcups.2.dylib
0x000000000422e000 	/System/Library/Frameworks/Kerberos.framework/Versions/A/Kerberos
0x000000000422e000 	/System/Library/Frameworks/GSS.framework/Versions/A/GSS
0x000000000422e000 	/usr/lib/libresolv.9.dylib
0x000000000422e000 	/usr/lib/libiconv.2.dylib
0x000000000422e000 	/System/Library/PrivateFrameworks/Heimdal.framework/Versions/A/Heimdal
0x000000000422e000 	/usr/lib/libheimdal-asn1.dylib
0x000000000422e000 	/System/Library/Frameworks/OpenDirectory.framework/Versions/A/OpenDirectory
0x000000000422e000 	/System/Library/PrivateFrameworks/CommonAuth.framework/Versions/A/CommonAuth
0x000000000422e000 	/System/Library/Frameworks/OpenDirectory.framework/Versions/A/Frameworks/CFOpenDirectory.framework/Versions/A/CFOpenDirectory
0x000000000422e000 	/System/Library/Frameworks/SecurityFoundation.framework/Versions/A/SecurityFoundation
0x000000000422e000 	/System/Library/PrivateFrameworks/LanguageModeling.framework/Versions/A/LanguageModeling
0x000000000422e000 	/usr/lib/libmarisa.dylib
0x000000000422e000 	/usr/lib/libChineseTokenizer.dylib
0x000000000422e000 	/usr/lib/libcmph.dylib
0x000000000422e000 	/usr/lib/libcompression.dylib
0x000000000422e000 	/System/Library/Frameworks/ServiceManagement.framework/Versions/A/ServiceManagement
0x000000000422e000 	/usr/lib/libxslt.1.dylib
0x000000000422e000 	/System/Library/Frameworks/Carbon.framework/Versions/A/Frameworks/Ink.framework/Versions/A/Ink
0x000000000422e000 	/usr/lib/libFosl_dynamic.dylib
0x000000000422e000 	/System/Library/PrivateFrameworks/FaceCore.framework/Versions/A/FaceCore
0x000000000422e000 	/System/Library/Frameworks/OpenCL.framework/Versions/A/OpenCL
0x000000000422e000 	/System/Library/PrivateFrameworks/CrashReporterSupport.framework/Versions/A/CrashReporterSupport
0x000000000422e000 	/System/Library/PrivateFrameworks/IconServices.framework/Versions/A/IconServices
0x000000000422e000 	/System/Library/PrivateFrameworks/Apple80211.framework/Versions/A/Apple80211
0x000000000422e000 	/System/Library/Frameworks/CoreWLAN.framework/Versions/A/CoreWLAN
0x000000000422e000 	/System/Library/Frameworks/IOBluetooth.framework/Versions/A/IOBluetooth
0x000000000422e000 	/System/Library/PrivateFrameworks/CoreWiFi.framework/Versions/A/CoreWiFi
0x000000000422e000 	/System/Library/Frameworks/CoreBluetooth.framework/Versions/A/CoreBluetooth
0x000000000422e000 	/System/Library/PrivateFrameworks/ChunkingLibrary.framework/Versions/A/ChunkingLibrary
0x000000000422e000 	/System/Library/PrivateFrameworks/DebugSymbols.framework/Versions/A/DebugSymbols
0x000000000422e000 	/System/Library/PrivateFrameworks/CoreSymbolication.framework/Versions/A/CoreSymbolication
0x000000000422e000 	/System/Library/PrivateFrameworks/Symbolication.framework/Versions/A/Symbolication
0x000000000422e000 	/System/Library/PrivateFrameworks/SpeechRecognitionCore.framework/Versions/A/SpeechRecognitionCore
0x000000010900a000 	/Library/Java/JavaVirtualMachines/jdk1.8.0_45.jdk/Contents/Home/jre/lib/server/libjvm.dylib
0x000000000422e000 	/usr/lib/libstdc++.6.dylib
0x0000000109f73000 	/Library/Java/JavaVirtualMachines/jdk1.8.0_45.jdk/Contents/Home/jre/lib/libverify.dylib
0x0000000109f81000 	/Library/Java/JavaVirtualMachines/jdk1.8.0_45.jdk/Contents/Home/jre/lib/libjava.dylib
0x000000010a800000 	/Library/Java/JavaVirtualMachines/jdk1.8.0_45.jdk/Contents/Home/jre/lib/libjdwp.dylib
0x0000000109fbb000 	/Library/Java/JavaVirtualMachines/jdk1.8.0_45.jdk/Contents/Home/jre/lib/libnpt.dylib
0x0000000109fc8000 	/Library/Java/JavaVirtualMachines/jdk1.8.0_45.jdk/Contents/Home/jre/lib/libzip.dylib
0x0000000120185000 	/System/Library/Frameworks/JavaVM.framework/Frameworks/JavaRuntimeSupport.framework/JavaRuntimeSupport
0x00000001201a0000 	/System/Library/Frameworks/JavaVM.framework/Versions/A/Frameworks/JavaNativeFoundation.framework/Versions/A/JavaNativeFoundation
0x00000001201b5000 	/System/Library/Frameworks/JavaVM.framework/Versions/A/JavaVM
0x000000000422e000 	/System/Library/Frameworks/Carbon.framework/Versions/A/Carbon
0x00000001201c2000 	/System/Library/PrivateFrameworks/JavaLaunching.framework/Versions/A/JavaLaunching
0x000000000422e000 	/System/Library/Frameworks/Carbon.framework/Versions/A/Frameworks/CommonPanels.framework/Versions/A/CommonPanels
0x000000000422e000 	/System/Library/Frameworks/Carbon.framework/Versions/A/Frameworks/Help.framework/Versions/A/Help
0x000000000422e000 	/System/Library/Frameworks/Carbon.framework/Versions/A/Frameworks/ImageCapture.framework/Versions/A/ImageCapture
0x000000000422e000 	/System/Library/Frameworks/Carbon.framework/Versions/A/Frameworks/OpenScripting.framework/Versions/A/OpenScripting
0x000000000422e000 	/System/Library/Frameworks/Carbon.framework/Versions/A/Frameworks/Print.framework/Versions/A/Print
0x000000000422e000 	/System/Library/Frameworks/Carbon.framework/Versions/A/Frameworks/SecurityHI.framework/Versions/A/SecurityHI
0x0000000121adf000 	/Library/Java/JavaVirtualMachines/jdk1.8.0_45.jdk/Contents/Home/jre/lib/libdt_socket.dylib

VM Arguments:
jvm_args: -agentlib:jdwp=transport=dt_socket,suspend=y,address=localhost:58462 -Dfile.encoding=UTF-8 
java_command: tempMainToTest
java_class_path (initial): /Users/plawanrath/Documents/workspace/LP1
Launcher Type: SUN_STANDARD

Environment Variables:
PATH=/usr/bin:/bin:/usr/sbin:/sbin
SHELL=/bin/bash
DISPLAY=/private/tmp/com.apple.launchd.5djyKDwPav/org.macosforge.xquartz:0

Signal Handlers:
SIGSEGV: [libjvm.dylib+0x58ef95], sa_mask[0]=11111111011111110111111111111111, sa_flags=SA_ONSTACK|SA_RESTART|SA_SIGINFO
SIGBUS: [libjvm.dylib+0x58ef95], sa_mask[0]=11111111011111110111111111111111, sa_flags=SA_RESTART|SA_SIGINFO
SIGFPE: [libjvm.dylib+0x46c108], sa_mask[0]=11111111011111110111111111111111, sa_flags=SA_RESTART|SA_SIGINFO
SIGPIPE: [libjvm.dylib+0x46c108], sa_mask[0]=11111111011111110111111111111111, sa_flags=SA_RESTART|SA_SIGINFO
SIGXFSZ: [libjvm.dylib+0x46c108], sa_mask[0]=11111111011111110111111111111111, sa_flags=SA_RESTART|SA_SIGINFO
SIGILL: [libjvm.dylib+0x46c108], sa_mask[0]=11111111011111110111111111111111, sa_flags=SA_RESTART|SA_SIGINFO
SIGUSR1: SIG_DFL, sa_mask[0]=00000000000000000000000000000000, sa_flags=none
SIGUSR2: [libjvm.dylib+0x46bc26], sa_mask[0]=00100000000000000000000000000000, sa_flags=SA_RESTART|SA_SIGINFO
SIGHUP: [libjvm.dylib+0x46a1f9], sa_mask[0]=11111111011111110111111111111111, sa_flags=SA_RESTART|SA_SIGINFO
SIGINT: [libjvm.dylib+0x46a1f9], sa_mask[0]=11111111011111110111111111111111, sa_flags=SA_RESTART|SA_SIGINFO
SIGTERM: [libjvm.dylib+0x46a1f9], sa_mask[0]=11111111011111110111111111111111, sa_flags=SA_RESTART|SA_SIGINFO
SIGQUIT: [libjvm.dylib+0x46a1f9], sa_mask[0]=11111111011111110111111111111111, sa_flags=SA_RESTART|SA_SIGINFO


---------------  S Y S T E M  ---------------

OS:Bsduname:Darwin 15.3.0 Darwin Kernel Version 15.3.0: Thu Dec 10 18:40:58 PST 2015; root:xnu-3248.30.4~1/RELEASE_X86_64 x86_64
rlimit: STACK 8192k, CORE 0k, NPROC 709, NOFILE 10240, AS infinity
load average:5.79 4.76 4.64

CPU:total 4 (2 cores per cpu, 2 threads per core) family 6 model 58 stepping 9, cmov, cx8, fxsr, mmx, sse, sse2, sse3, ssse3, sse4.1, sse4.2, popcnt, avx, aes, clmul, erms, ht, tsc, tscinvbit, tscinv

Memory: 4k page, physical 8388608k(35128k free)

/proc/meminfo:


vm_info: Java HotSpot(TM) 64-Bit Server VM (25.45-b02) for bsd-amd64 JRE (1.8.0_45-b14), built on Apr 10 2015 10:46:38 by "java_re" with gcc 4.2.1 (Based on Apple Inc. build 5658) (LLVM build 2336.11.00)

time: Sun Feb 28 15:40:40 2016
elapsed time: 160 seconds (0d 0h 2m 40s)

